[09:58:52] [IO-Worker-152/INFO]: System default audio device has changed!
[09:58:53] [Render thread/WARN]: Missing sound for event: minecraft:item.goat_horn.play
[09:58:53] [Render thread/WARN]: Missing sound for event: minecraft:entity.goat.screaming.horn_break
[09:58:53] [Render thread/WARN]: Missing sound for event: chisel:chisel_sound
[09:58:53] [Render thread/WARN]: Missing sound for event: supplementaries:item.wrench.hit
[09:58:53] [Render thread/INFO]: OpenAL initialized on device OpenAL Soft on LG HDR 4K (NVIDIA High Definition Audio)
[09:58:53] [Render thread/INFO]: Sound engine started
[10:05:12] [Render thread/ERROR]: Can't get entityTexture for translation{key='entity.bewitchment.toad', args=[]} (SUPPRESSED)
[10:05:12] [Render thread/WARN]: java.lang.Throwable: Can't get entityTexture for translation{key='entity.bewitchment.toad', args=[]}
[10:08:05] [Server thread/INFO]: [wackfimlsYT: Reloading!]
[10:08:05] [Render thread/INFO]: [CHAT] Reloading!
[10:08:05] [Server thread/INFO]: [megane] Loaded Config.
[10:08:05] [Server thread/INFO]: Generated runtime SERVER_DATA for pack Supplementaries Generated Pack in: 2 ms
[10:08:05] [Server thread/INFO]: Generated runtime SERVER_DATA for pack Supplementaries Generated Pack in: 1 ms
[10:08:05] [Server thread/INFO]: server_scripts:general_compat.js:3: Hello, World! (You will see this line every time server resources reload)
[10:08:05] [Server thread/INFO]: Loaded script server_scripts:general_compat.js in 0.001 s
[10:08:05] [Server thread/INFO]: server_scripts:magic.js:3: Hello, World! (You will see this line every time server resources reload)
[10:08:05] [Server thread/INFO]: Loaded script server_scripts:magic.js in 0.001 s
[10:08:05] [Server thread/INFO]: server_scripts:MI_Ad_Astra_progression.js:3: Hello, World! (You will see this line every time server resources reload)
[10:08:05] [Server thread/INFO]: Loaded script server_scripts:MI_Ad_Astra_progression.js in 0.001 s
[10:08:05] [Server thread/INFO]: Loaded script server_scripts:replicator_blacklist.js in 0.001 s
[10:08:05] [Server thread/INFO]: server_scripts:tag_events.js:3: Hello, World! (You will see this line every time server resources reload)
[10:08:05] [Server thread/INFO]: Loaded script server_scripts:tag_events.js in 0.001 s
[10:08:05] [Server thread/INFO]: Loaded 5/5 KubeJS server scripts in 0.008 s
[10:08:05] [Server thread/INFO]: Scripts loaded
[10:08:05] [Server thread/INFO]: Registered custom recipe handler for type kubejs:shaped
[10:08:05] [Server thread/INFO]: Registered custom recipe handler for type kubejs:shapeless
[10:08:05] [Server thread/INFO]: Registered custom recipe handler for type minecraft:crafting_shaped
[10:08:05] [Server thread/INFO]: Registered custom recipe handler for type minecraft:crafting_shapeless
[10:08:05] [Server thread/INFO]: Registered custom recipe handler for type minecraft:stonecutting
[10:08:05] [Server thread/INFO]: Registered custom recipe handler for type minecraft:smelting
[10:08:05] [Server thread/INFO]: Registered custom recipe handler for type minecraft:blasting
[10:08:05] [Server thread/INFO]: Registered custom recipe handler for type minecraft:smoking
[10:08:05] [Server thread/INFO]: Registered custom recipe handler for type minecraft:campfire_cooking
[10:08:05] [Server thread/INFO]: Registered custom recipe handler for type minecraft:smithing
[10:08:05] [Server thread/INFO]: Registered custom recipe handler for type dankstorage:upgrade
[10:08:05] [Server thread/INFO]: Registered custom recipe handler for type modern_industrialization:assembler
[10:08:05] [Server thread/INFO]: Registered custom recipe handler for type modern_industrialization:centrifuge
[10:08:05] [Server thread/INFO]: Registered custom recipe handler for type modern_industrialization:chemical_reactor
[10:08:05] [Server thread/INFO]: Registered custom recipe handler for type modern_industrialization:compressor
[10:08:05] [Server thread/INFO]: Registered custom recipe handler for type modern_industrialization:cutting_machine
[10:08:05] [Server thread/INFO]: Registered custom recipe handler for type modern_industrialization:distillery
[10:08:05] [Server thread/INFO]: Registered custom recipe handler for type modern_industrialization:electrolyzer
[10:08:05] [Server thread/INFO]: Registered custom recipe handler for type modern_industrialization:furnace
[10:08:05] [Server thread/INFO]: Registered custom recipe handler for type modern_industrialization:forge_hammer
[10:08:05] [Server thread/INFO]: Registered custom recipe handler for type modern_industrialization:macerator
[10:08:05] [Server thread/INFO]: Registered custom recipe handler for type modern_industrialization:mixer
[10:08:05] [Server thread/INFO]: Registered custom recipe handler for type modern_industrialization:packer
[10:08:05] [Server thread/INFO]: Registered custom recipe handler for type modern_industrialization:polarizer
[10:08:05] [Server thread/INFO]: Registered custom recipe handler for type modern_industrialization:unpacker
[10:08:05] [Server thread/INFO]: Registered custom recipe handler for type modern_industrialization:wiremill
[10:08:05] [Server thread/INFO]: Registered custom recipe handler for type modern_industrialization:blast_furnace
[10:08:05] [Server thread/INFO]: Registered custom recipe handler for type modern_industrialization:coke_oven
[10:08:05] [Server thread/INFO]: Registered custom recipe handler for type modern_industrialization:distillation_tower
[10:08:05] [Server thread/INFO]: Registered custom recipe handler for type modern_industrialization:fusion_reactor
[10:08:05] [Server thread/INFO]: Registered custom recipe handler for type modern_industrialization:heat_exchanger
[10:08:05] [Server thread/INFO]: Registered custom recipe handler for type modern_industrialization:implosion_compressor
[10:08:05] [Server thread/INFO]: Registered custom recipe handler for type modern_industrialization:oil_drilling_rig
[10:08:05] [Server thread/INFO]: Registered custom recipe handler for type modern_industrialization:pressurizer
[10:08:05] [Server thread/INFO]: Registered custom recipe handler for type modern_industrialization:quarry
[10:08:05] [Server thread/INFO]: Registered custom recipe handler for type modern_industrialization:vacuum_freezer
[10:08:05] [Server thread/INFO]: Registered custom recipe handler for type modern_industrialization:pyrolyze_oven
[10:08:05] [Server thread/INFO]: Registered custom recipe handler for type modern_industrialization:greenhouse
[10:08:05] [Server thread/INFO]: Scanning recipes...
[10:08:05] [Worker-Main-168/INFO]: [minecraft:item] Found 1343 tags, added 69 objects, removed 7 objects
[10:08:05] [Server thread/WARN]: Failed to parse recipe 'supplementaries:sconce_nether_brass[minecraft:crafting_shaped]'! Falling back to vanilla: com.google.gson.JsonSyntaxException: Unknown item 'architects_palette:nether_brass_torch'
[10:08:05] [Server thread/WARN]: Failed to parse recipe supplementaries:sconce_nether_brass[minecraft:crafting_shaped]: java.lang.IllegalArgumentException: Skipping supplementaries:sconce_nether_brass as its conditions were not met
[10:08:05] [Server thread/WARN]: Tried to read an ingredient of unknown type farmersdelight:tool.
[10:08:05] [Server thread/WARN]: Tried to read an ingredient of unknown type farmersdelight:tool.
[10:08:05] [Server thread/INFO]: [STDOUT]: empty indrev:salt
[10:08:05] [Server thread/WARN]: Tried to read an ingredient of unknown type farmersdelight:tool.
[10:08:05] [Server thread/WARN]: Tried to read an ingredient of unknown type farmersdelight:tool.
[10:08:05] [Server thread/WARN]: Tried to read an ingredient of unknown type farmersdelight:tool.
[10:08:05] [Server thread/WARN]: Failed to parse recipe 'twilightforest:jeed/hunger[jeed:effect_provider]'! Falling back to vanilla: java.lang.NullPointerException: Unknown recipe type: jeed:effect_provider
[10:08:05] [Server thread/WARN]: Failed to parse recipe twilightforest:jeed/hunger[jeed:effect_provider]: com.google.gson.JsonSyntaxException: Missing fabric:load_conditions, expected to find a JsonArray
[10:08:05] [Server thread/WARN]: Failed to parse recipe 'supplementaries:planter_rich_soul[minecraft:crafting_shaped]'! Falling back to vanilla: com.google.gson.JsonSyntaxException: Unknown item 'nethers_delight:rich_soul_soil'
[10:08:05] [Server thread/WARN]: Failed to parse recipe supplementaries:planter_rich_soul[minecraft:crafting_shaped]: java.lang.IllegalArgumentException: Skipping supplementaries:planter_rich_soul as its conditions were not met
[10:08:05] [Server thread/WARN]: Tried to read an ingredient of unknown type farmersdelight:tool.
[10:08:05] [Server thread/WARN]: Tried to read an ingredient of unknown type farmersdelight:tool.
[10:08:05] [Server thread/WARN]: Tried to read an ingredient of unknown type farmersdelight:tool.
[10:08:05] [Server thread/WARN]: Tried to read an ingredient of unknown type farmersdelight:tool.
[10:08:05] [Server thread/WARN]: Tried to read an ingredient of unknown type farmersdelight:tool.
[10:08:05] [Server thread/WARN]: Failed to parse recipe 'supplementaries:soap/dirty_shard[minecraft:crafting_shapeless]'! Falling back to vanilla: com.google.gson.JsonSyntaxException: Unknown item 'quark:dirty_shard'
[10:08:05] [Server thread/WARN]: Failed to parse recipe supplementaries:soap/dirty_shard[minecraft:crafting_shapeless]: java.lang.IllegalArgumentException: Skipping supplementaries:soap/dirty_shard as its conditions were not met
[10:08:05] [Server thread/WARN]: Tried to read an ingredient of unknown type farmersdelight:tool.
[10:08:05] [Server thread/WARN]: Tried to read an ingredient of unknown type farmersdelight:tool.
[10:08:05] [Server thread/WARN]: Tried to read an ingredient of unknown type farmersdelight:tool.
[10:08:05] [Server thread/WARN]: Failed to parse recipe 'supplementaries:candle_holders/candle_holder_soul[minecraft:crafting_shaped]'! Falling back to vanilla: com.google.gson.JsonSyntaxException: Unknown item 'buzzier_bees:soul_candle'
[10:08:05] [Server thread/WARN]: Failed to parse recipe supplementaries:candle_holders/candle_holder_soul[minecraft:crafting_shaped]: java.lang.IllegalArgumentException: Skipping supplementaries:candle_holders/candle_holder_soul as its conditions were not met
[10:08:05] [Server thread/WARN]: Tried to read an ingredient of unknown type farmersdelight:tool.
[10:08:05] [Server thread/WARN]: Tried to read an ingredient of unknown type farmersdelight:tool.
[10:08:05] [Server thread/WARN]: Failed to parse recipe 'miskatonicmysteries:stonecutting/elderian_yog_mural_stonecutting[minecraft:stonecutting]': "miskatonicmysteries:elderian_yogw_mural" is not a valid result!
[10:08:05] [Server thread/WARN]: Failed to parse recipe 'twilightforest:jeed/poison[jeed:effect_provider]'! Falling back to vanilla: java.lang.NullPointerException: Unknown recipe type: jeed:effect_provider
[10:08:05] [Server thread/WARN]: Failed to parse recipe twilightforest:jeed/poison[jeed:effect_provider]: com.google.gson.JsonSyntaxException: Missing fabric:load_conditions, expected to find a JsonArray
[10:08:05] [Server thread/WARN]: Failed to parse recipe 'supplementaries:soap/dirty_glass_pane[minecraft:crafting_shapeless]'! Falling back to vanilla: com.google.gson.JsonSyntaxException: Unknown item 'quark:dirty_glass_pane'
[10:08:05] [Server thread/WARN]: Failed to parse recipe supplementaries:soap/dirty_glass_pane[minecraft:crafting_shapeless]: java.lang.IllegalArgumentException: Skipping supplementaries:soap/dirty_glass_pane as its conditions were not met
[10:08:05] [Server thread/WARN]: Tried to read an ingredient of unknown type farmersdelight:tool.
[10:08:05] [Server thread/WARN]: Tried to read an ingredient of unknown type farmersdelight:tool.
[10:08:05] [Server thread/WARN]: Tried to read an ingredient of unknown type farmersdelight:tool.
[10:08:05] [Server thread/WARN]: Tried to read an ingredient of unknown type farmersdelight:tool.
[10:08:05] [Server thread/WARN]: Tried to read an ingredient of unknown type farmersdelight:tool.
[10:08:05] [Server thread/WARN]: Failed to parse recipe 'supplementaries:soap/dirty_glass[minecraft:crafting_shapeless]'! Falling back to vanilla: com.google.gson.JsonSyntaxException: Unknown item 'quark:dirty_glass'
[10:08:05] [Server thread/WARN]: Failed to parse recipe supplementaries:soap/dirty_glass[minecraft:crafting_shapeless]: java.lang.IllegalArgumentException: Skipping supplementaries:soap/dirty_glass as its conditions were not met
[10:08:05] [Server thread/WARN]: Tried to read an ingredient of unknown type farmersdelight:tool.
[10:08:05] [Server thread/WARN]: Tried to read an ingredient of unknown type farmersdelight:tool.
[10:08:05] [Server thread/WARN]: Tried to read an ingredient of unknown type farmersdelight:tool.
[10:08:05] [Server thread/WARN]: Tried to read an ingredient of unknown type farmersdelight:tool.
[10:08:05] [Server thread/WARN]: Tried to read an ingredient of unknown type farmersdelight:tool.
[10:08:05] [Server thread/WARN]: Failed to parse recipe 'spectrum:mod_integration/ae2/cinderhearth/pure_fluix[spectrum:cinderhearth]'! Falling back to vanilla: com.google.gson.JsonSyntaxException: Unknown item 'ae2:fluix_crystal_seed'
[10:08:05] [Server thread/WARN]: Failed to parse recipe spectrum:mod_integration/ae2/cinderhearth/pure_fluix[spectrum:cinderhearth]: com.google.gson.JsonSyntaxException: Unknown item 'ae2:fluix_crystal_seed'
[10:08:05] [Server thread/WARN]: Tried to read an ingredient of unknown type farmersdelight:tool.
[10:08:05] [Server thread/WARN]: Failed to parse recipe 'supplementaries:sconce_ender[minecraft:crafting_shaped]'! Falling back to vanilla: com.google.gson.JsonSyntaxException: Unknown item 'endergetic:ender_torch'
[10:08:05] [Server thread/WARN]: Failed to parse recipe supplementaries:sconce_ender[minecraft:crafting_shaped]: java.lang.IllegalArgumentException: Skipping supplementaries:sconce_ender as its conditions were not met
[10:08:05] [Server thread/WARN]: Failed to parse recipe 'supplementaries:sconce_glow[minecraft:crafting_shaped]'! Falling back to vanilla: com.google.gson.JsonSyntaxException: Unknown item 'infernalexp:glow_torch'
[10:08:05] [Server thread/WARN]: Failed to parse recipe supplementaries:sconce_glow[minecraft:crafting_shaped]: java.lang.IllegalArgumentException: Skipping supplementaries:sconce_glow as its conditions were not met
[10:08:05] [Server thread/WARN]: Tried to read an ingredient of unknown type forge:partial_nbt.
[10:08:05] [Server thread/WARN]: Failed to parse recipe 'twilightforest:equipment/fortification_scepter[minecraft:crafting_shapeless]'! Falling back to vanilla: java.lang.StackOverflowError
[10:08:05] [Server thread/WARN]: Tried to read an ingredient of unknown type forge:partial_nbt.
[10:08:05] [Server thread/WARN]: Failed to parse recipe 'twilightforest:jeed/regeneration[jeed:effect_provider]'! Falling back to vanilla: java.lang.NullPointerException: Unknown recipe type: jeed:effect_provider
[10:08:05] [Server thread/WARN]: Failed to parse recipe twilightforest:jeed/regeneration[jeed:effect_provider]: com.google.gson.JsonSyntaxException: Missing fabric:load_conditions, expected to find a JsonArray
[10:08:05] [Server thread/WARN]: Tried to read an ingredient of unknown type farmersdelight:tool.
[10:08:05] [Server thread/WARN]: Failed to parse recipe 'twilightforest:jeed/fire_resistance[jeed:effect_provider]'! Falling back to vanilla: java.lang.NullPointerException: Unknown recipe type: jeed:effect_provider
[10:08:05] [Server thread/WARN]: Failed to parse recipe twilightforest:jeed/fire_resistance[jeed:effect_provider]: com.google.gson.JsonSyntaxException: Missing fabric:load_conditions, expected to find a JsonArray
[10:08:05] [Server thread/WARN]: Tried to read an ingredient of unknown type farmersdelight:tool.
[10:08:05] [Server thread/WARN]: Tried to read an ingredient of unknown type farmersdelight:tool.
[10:08:05] [Server thread/WARN]: Tried to read an ingredient of unknown type farmersdelight:tool.
[10:08:05] [Server thread/WARN]: Tried to read an ingredient of unknown type farmersdelight:tool.
[10:08:05] [Server thread/WARN]: Tried to read an ingredient of unknown type farmersdelight:tool.
[10:08:05] [Server thread/WARN]: Tried to read an ingredient of unknown type farmersdelight:tool.
[10:08:05] [Server thread/WARN]: Failed to parse recipe 'twilightforest:jeed/frosted[jeed:effect_provider]'! Falling back to vanilla: java.lang.NullPointerException: Unknown recipe type: jeed:effect_provider
[10:08:05] [Server thread/WARN]: Failed to parse recipe twilightforest:jeed/frosted[jeed:effect_provider]: com.google.gson.JsonSyntaxException: Missing fabric:load_conditions, expected to find a JsonArray
[10:08:05] [Server thread/WARN]: Tried to read an ingredient of unknown type farmersdelight:tool.
[10:08:05] [Server thread/WARN]: Tried to read an ingredient of unknown type farmersdelight:tool.
[10:08:05] [Server thread/WARN]: Failed to parse recipe 'supplementaries:copper_lantern_2[minecraft:crafting_shaped]'! Falling back to vanilla: com.google.gson.JsonSyntaxException: Unknown item 'alexsmobs:fish_oil'
[10:08:05] [Server thread/WARN]: Failed to parse recipe supplementaries:copper_lantern_2[minecraft:crafting_shaped]: java.lang.IllegalArgumentException: Skipping supplementaries:copper_lantern_2 as its conditions were not met
[10:08:05] [Server thread/WARN]: Tried to read an ingredient of unknown type farmersdelight:tool.
[10:08:05] [Server thread/WARN]: Failed to parse recipe 'spectrum:mod_integration/ae2/cinderhearth/pure_certus_quartz[spectrum:cinderhearth]'! Falling back to vanilla: com.google.gson.JsonSyntaxException: Unknown item 'ae2:certus_crystal_seed'
[10:08:05] [Server thread/WARN]: Failed to parse recipe spectrum:mod_integration/ae2/cinderhearth/pure_certus_quartz[spectrum:cinderhearth]: com.google.gson.JsonSyntaxException: Unknown item 'ae2:certus_crystal_seed'
[10:08:05] [Server thread/WARN]: Tried to read an ingredient of unknown type farmersdelight:tool.
[10:08:05] [Server thread/WARN]: Tried to read an ingredient of unknown type farmersdelight:tool.
[10:08:05] [Server thread/WARN]: Tried to read an ingredient of unknown type farmersdelight:tool.
[10:08:05] [Server thread/WARN]: Tried to read an ingredient of unknown type farmersdelight:tool.
[10:08:05] [Server thread/WARN]: Tried to read an ingredient of unknown type farmersdelight:tool.
[10:08:05] [Server thread/WARN]: Tried to read an ingredient of unknown type serialization_hooks:combined.
[10:08:05] [Server thread/WARN]: Tried to read an ingredient of unknown type forge:partial_nbt.
[10:08:05] [Server thread/WARN]: Tried to read an ingredient of unknown type forge:partial_nbt.
[10:08:05] [Server thread/WARN]: Tried to read an ingredient of unknown type forge:partial_nbt.
[10:08:05] [Server thread/WARN]: Tried to read an ingredient of unknown type forge:partial_nbt.
[10:08:05] [Server thread/WARN]: Failed to parse recipe 'twilightforest:equipment/zombie_scepter[minecraft:crafting_shapeless]'! Falling back to vanilla: java.lang.StackOverflowError
[10:08:05] [Server thread/WARN]: Tried to read an ingredient of unknown type serialization_hooks:combined.
[10:08:05] [Server thread/WARN]: Tried to read an ingredient of unknown type forge:partial_nbt.
[10:08:05] [Server thread/WARN]: Tried to read an ingredient of unknown type forge:partial_nbt.
[10:08:05] [Server thread/WARN]: Tried to read an ingredient of unknown type forge:partial_nbt.
[10:08:05] [Server thread/WARN]: Tried to read an ingredient of unknown type forge:partial_nbt.
[10:08:05] [Server thread/WARN]: Failed to parse recipe 'twilightforest:jeed/blindness[jeed:effect_provider]'! Falling back to vanilla: java.lang.NullPointerException: Unknown recipe type: jeed:effect_provider
[10:08:05] [Server thread/WARN]: Failed to parse recipe twilightforest:jeed/blindness[jeed:effect_provider]: com.google.gson.JsonSyntaxException: Missing fabric:load_conditions, expected to find a JsonArray
[10:08:05] [Server thread/WARN]: Tried to read an ingredient of unknown type farmersdelight:tool.
[10:08:05] [Server thread/WARN]: Tried to read an ingredient of unknown type farmersdelight:tool.
[10:08:05] [Server thread/WARN]: Tried to read an ingredient of unknown type farmersdelight:tool.
[10:08:05] [Server thread/WARN]: Tried to read an ingredient of unknown type farmersdelight:tool.
[10:08:05] [Server thread/WARN]: Tried to read an ingredient of unknown type farmersdelight:tool.
[10:08:05] [Server thread/WARN]: Tried to read an ingredient of unknown type farmersdelight:tool.
[10:08:05] [Server thread/WARN]: Failed to parse recipe 'yigd:death_scroll[minecraft:crafting_shaped]': {"item":"yigd:death_scroll","count":1} is not a valid result!
[10:08:05] [Server thread/WARN]: Failed to parse recipe 'spectrum:stonecutting/smooth_basalt_slab_from_smooth_basalt_stonecutting[minecraft:stonecutting]': "spectrum:basalt_slab" is not a valid result!
[10:08:05] [Server thread/WARN]: Failed to parse recipe 'supplementaries:ash_soot[minecraft:crafting_shapeless]'! Falling back to vanilla: com.google.gson.JsonSyntaxException: Unknown item 'immersive_weathering:soot'
[10:08:05] [Server thread/WARN]: Failed to parse recipe supplementaries:ash_soot[minecraft:crafting_shapeless]: java.lang.IllegalArgumentException: Skipping supplementaries:ash_soot as its conditions were not met
[10:08:05] [Server thread/WARN]: Tried to read an ingredient of unknown type farmersdelight:tool.
[10:08:05] [Server thread/WARN]: Tried to read an ingredient of unknown type farmersdelight:tool.
[10:08:05] [Server thread/WARN]: Tried to read an ingredient of unknown type farmersdelight:tool.
[10:08:05] [Server thread/WARN]: Failed to parse recipe 'twilightforest:jeed/resistance[jeed:effect_provider]'! Falling back to vanilla: java.lang.NullPointerException: Unknown recipe type: jeed:effect_provider
[10:08:05] [Server thread/WARN]: Failed to parse recipe twilightforest:jeed/resistance[jeed:effect_provider]: com.google.gson.JsonSyntaxException: Missing fabric:load_conditions, expected to find a JsonArray
[10:08:05] [Server thread/WARN]: Tried to read an ingredient of unknown type farmersdelight:tool.
[10:08:05] [Server thread/WARN]: Tried to read an ingredient of unknown type farmersdelight:tool.
[10:08:05] [Server thread/WARN]: Tried to read an ingredient of unknown type forge:partial_nbt.
[10:08:05] [Server thread/WARN]: Failed to parse recipe 'twilightforest:equipment/twilight_scepter[minecraft:crafting_shapeless]'! Falling back to vanilla: java.lang.StackOverflowError
[10:08:05] [Server thread/WARN]: Tried to read an ingredient of unknown type forge:partial_nbt.
[10:08:06] [Server thread/WARN]: Tried to read an ingredient of unknown type farmersdelight:tool.
[10:08:06] [Server thread/WARN]: Failed to parse recipe 'twilightforest:jeed/slowness[jeed:effect_provider]'! Falling back to vanilla: java.lang.NullPointerException: Unknown recipe type: jeed:effect_provider
[10:08:06] [Server thread/WARN]: Failed to parse recipe twilightforest:jeed/slowness[jeed:effect_provider]: com.google.gson.JsonSyntaxException: Missing fabric:load_conditions, expected to find a JsonArray
[10:08:06] [Server thread/WARN]: Tried to read an ingredient of unknown type forge:partial_nbt.
[10:08:06] [Server thread/WARN]: Failed to parse recipe 'twilightforest:equipment/lifedrain_scepter[minecraft:crafting_shapeless]'! Falling back to vanilla: java.lang.StackOverflowError
[10:08:06] [Server thread/WARN]: Tried to read an ingredient of unknown type forge:partial_nbt.
[10:08:06] [Server thread/INFO]: Found 11479 recipes and 4 failed recipes in 124.8 ms
[10:08:06] [Server thread/INFO]: Posted recipe events in 153.1 ms
[10:08:06] [Server thread/WARN]: Tried to read an ingredient of unknown type farmersdelight:tool.
[10:08:06] [Server thread/WARN]: Tried to read an ingredient of unknown type farmersdelight:tool.
[10:08:06] [Server thread/INFO]: [STDOUT]: empty indrev:salt
[10:08:06] [Server thread/WARN]: Tried to read an ingredient of unknown type farmersdelight:tool.
[10:08:06] [Server thread/WARN]: Tried to read an ingredient of unknown type farmersdelight:tool.
[10:08:06] [Server thread/WARN]: Tried to read an ingredient of unknown type farmersdelight:tool.
[10:08:06] [Server thread/WARN]: Tried to read an ingredient of unknown type farmersdelight:tool.
[10:08:06] [Server thread/WARN]: Tried to read an ingredient of unknown type farmersdelight:tool.
[10:08:06] [Server thread/WARN]: Tried to read an ingredient of unknown type farmersdelight:tool.
[10:08:06] [Server thread/WARN]: Tried to read an ingredient of unknown type farmersdelight:tool.
[10:08:06] [Server thread/WARN]: Tried to read an ingredient of unknown type farmersdelight:tool.
[10:08:06] [Server thread/WARN]: Tried to read an ingredient of unknown type farmersdelight:tool.
[10:08:06] [Server thread/WARN]: Tried to read an ingredient of unknown type farmersdelight:tool.
[10:08:06] [Server thread/WARN]: Tried to read an ingredient of unknown type farmersdelight:tool.
[10:08:06] [Server thread/WARN]: Tried to read an ingredient of unknown type farmersdelight:tool.
[10:08:06] [Server thread/WARN]: Tried to read an ingredient of unknown type farmersdelight:tool.
[10:08:06] [Server thread/WARN]: Tried to read an ingredient of unknown type farmersdelight:tool.
[10:08:06] [Server thread/WARN]: Tried to read an ingredient of unknown type farmersdelight:tool.
[10:08:06] [Server thread/WARN]: Tried to read an ingredient of unknown type farmersdelight:tool.
[10:08:06] [Server thread/WARN]: Tried to read an ingredient of unknown type farmersdelight:tool.
[10:08:06] [Server thread/WARN]: Tried to read an ingredient of unknown type farmersdelight:tool.
[10:08:06] [Server thread/WARN]: Tried to read an ingredient of unknown type farmersdelight:tool.
[10:08:06] [Server thread/WARN]: Tried to read an ingredient of unknown type farmersdelight:tool.
[10:08:06] [Server thread/WARN]: Tried to read an ingredient of unknown type farmersdelight:tool.
[10:08:06] [Server thread/WARN]: Tried to read an ingredient of unknown type farmersdelight:tool.
[10:08:06] [Server thread/WARN]: Tried to read an ingredient of unknown type farmersdelight:tool.
[10:08:06] [Server thread/WARN]: Tried to read an ingredient of unknown type farmersdelight:tool.
[10:08:06] [Server thread/WARN]: Tried to read an ingredient of unknown type farmersdelight:tool.
[10:08:06] [Server thread/WARN]: Tried to read an ingredient of unknown type farmersdelight:tool.
[10:08:06] [Server thread/WARN]: Tried to read an ingredient of unknown type farmersdelight:tool.
[10:08:06] [Server thread/WARN]: Tried to read an ingredient of unknown type farmersdelight:tool.
[10:08:06] [Server thread/WARN]: Tried to read an ingredient of unknown type farmersdelight:tool.
[10:08:06] [Server thread/WARN]: Tried to read an ingredient of unknown type farmersdelight:tool.
[10:08:06] [Server thread/WARN]: Tried to read an ingredient of unknown type farmersdelight:tool.
[10:08:06] [Server thread/WARN]: Tried to read an ingredient of unknown type farmersdelight:tool.
[10:08:06] [Server thread/WARN]: Tried to read an ingredient of unknown type farmersdelight:tool.
[10:08:06] [Server thread/WARN]: Tried to read an ingredient of unknown type farmersdelight:tool.
[10:08:06] [Server thread/WARN]: Tried to read an ingredient of unknown type farmersdelight:tool.
[10:08:06] [Server thread/WARN]: Tried to read an ingredient of unknown type farmersdelight:tool.
[10:08:06] [Server thread/WARN]: Tried to read an ingredient of unknown type farmersdelight:tool.
[10:08:06] [Server thread/WARN]: Tried to read an ingredient of unknown type farmersdelight:tool.
[10:08:06] [Server thread/WARN]: Tried to read an ingredient of unknown type farmersdelight:tool.
[10:08:06] [Server thread/WARN]: Tried to read an ingredient of unknown type farmersdelight:tool.
[10:08:06] [Server thread/WARN]: Tried to read an ingredient of unknown type farmersdelight:tool.
[10:08:06] [Server thread/WARN]: Tried to read an ingredient of unknown type farmersdelight:tool.
[10:08:06] [Server thread/WARN]: Tried to read an ingredient of unknown type farmersdelight:tool.
[10:08:06] [Server thread/WARN]: Tried to read an ingredient of unknown type farmersdelight:tool.
[10:08:06] [Server thread/WARN]: Tried to read an ingredient of unknown type farmersdelight:tool.
[10:08:06] [Server thread/WARN]: Tried to read an ingredient of unknown type farmersdelight:tool.
[10:08:06] [Server thread/WARN]: Tried to read an ingredient of unknown type farmersdelight:tool.
[10:08:06] [Server thread/WARN]: Tried to read an ingredient of unknown type farmersdelight:tool.
[10:08:06] [Server thread/WARN]: Tried to read an ingredient of unknown type farmersdelight:tool.
[10:08:06] [Server thread/WARN]: Tried to read an ingredient of unknown type farmersdelight:tool.
[10:08:06] [Server thread/WARN]: Tried to read an ingredient of unknown type farmersdelight:tool.
[10:08:06] [Server thread/INFO]: Modified & removed recipes in 68.07 ms
[10:08:06] [Server thread/INFO]: Added recipes in 1.311 ms
[10:08:06] [Server thread/INFO]: Added 80 recipes, removed 101 recipes, modified 46 recipes, with 0 failed recipes and 0 fall-backed recipes
[10:08:06] [Server thread/INFO]: Reloaded with no KubeJS errors!
[10:08:06] [Render thread/INFO]: [CHAT] Reloaded with no KubeJS errors!
[10:08:06] [Server thread/INFO]: Loaded 4734 advancements
[10:08:06] [Server thread/INFO]: [additionaladditions] Loaded 0 behaviours
[10:08:06] [Server thread/WARN]: Could not decode GlobalLootModifier with json id supplementaries:ash_from_burning_mobs - error: Unknown registry key in ResourceKey[minecraft:root / porting_lib:global_loot_modifier_serializers]: supplementaries:add_item
[10:08:06] [Server thread/WARN]: Could not decode GlobalLootModifier with json id trofers:quark_trophies - error: Not a JSON object: null
[10:08:06] [Server thread/WARN]: Could not decode GlobalLootModifier with json id trofers:alexsmobs_trophies - error: Not a JSON object: null
[10:08:06] [Server thread/INFO]: Loaded  8 flute songs
[10:08:06] [Server thread/INFO]: Loaded 77 trophies
[10:08:06] [Server thread/WARN]: Error in constraint: The ^ operator is deprecated in Spice of Fabric expressions, use the power() function instead
[10:08:06] [Server thread/WARN]: Error in constraint: The ^ operator is deprecated in Spice of Fabric expressions, use the power() function instead
[10:08:06] [Server thread/INFO]: Reloaded configs for spiceoffabric (server/smallest)
[10:08:06] [Server thread/INFO]: Loaded 9 Stalactite configs!
[10:08:06] [Server thread/INFO]: Reloading graveyard
[10:08:06] [Server thread/INFO]: Reloading custom grave areas
[10:08:06] [Server thread/WARN]: Not all defined tags for registry ResourceKey[minecraft:root / minecraft:item] are present in data pack: c:calorite_dusts, c:calorite_gears, c:calorite_tiny_dusts, c:desh_dusts, c:desh_gears, c:desh_tiny_dusts, c:ostrum_dusts, c:ostrum_gears, c:ostrum_tiny_dusts
[10:08:09] [Render thread/INFO]: Loaded 77 trophies
[10:08:09] [REI-ReloadPlugins/INFO]: [REI] Reloading Plugin Manager [REIPlugin] stage [START], registered 38 plugins: KubeJSREIPlugin of KubeJSREIPlugin [kubejs], ReiRecipeAction of ReiRecipeAction [wthit], AdornReiServer of AdornReiServer [adorn], DefaultRuntimePlugin of DefaultRuntimePlugin [roughlyenoughitems], REICommonIntegration of REICommonIntegration [spectrum], TwilightForestREIServerPlugin of TwilightForestREIServerPlugin [twilightforest], WiredRedstoneCommonPlugin of WiredRedstoneCommonPlugin [wiredredstone], AdAstraReiPlugin of AdAstraReiPlugin [ad_astra], AdornReiClient of AdornReiClient [adorn], AE2 of AE2 [ae2], REITooltipPlugin of REITooltipPlugin [appleskin], REIPlugin of REIPlugin [artifacts], BWREIPlugin of BWREIPlugin [bewitchment], BotaniaREIPlugin of BotaniaREIPlugin [botania], CharmReiClientPlugin of CharmReiClientPlugin [charm], ChiselREI of ChiselREI [chisel], ReiCompat of ReiCompat [expandedstorage], FarmersDelightModREI of FarmersDelightModREI [farmersdelight], REIIntegration of REIIntegration [ftblibrary], FTBQuestsREIIntegration of FTBQuestsREIIntegration [ftbquests], REIPlugin of REIPlugin [indrev], MMREICompat of MMREICompat [miskatonicmysteries], ManualPluginRei of ManualPluginRei [modern_industrialization], ViewerPluginRei of ViewerPluginRei [modern_industrialization], OwoReiPlugin of OwoReiPlugin [owo], ClientPlugin of ClientPlugin [roughly_enough_trades], DefaultClientRuntimePlugin of DefaultClientRuntimePlugin [roughlyenoughitems], REPClientPlugin of REPClientPlugin [roughlyenoughprofessions], PluginEntry of PluginEntry [roughlyenoughresources], REIClientIntegration of REIClientIntegration [spectrum], REIPlugin of REIPlugin [spiceoffabric], SpiritPlugin of SpiritPlugin [spirit], REICompat of REICompat [the_bumblezone], TwilightForestREIClientPlugin of TwilightForestREIClientPlugin [twilightforest], WiredRedstoneClientPlugin of WiredRedstoneClientPlugin [wiredredstone], FabricFluidAPISupportPlugin, DefaultPlugin of DefaultPlugin [roughlyenoughitems], DefaultClientPlugin of DefaultClientPlugin [roughlyenoughitems]
[10:08:09] [Server thread/WARN]: Can't keep up! Is the server overloaded? Running 4119ms or 82 ticks behind
[10:08:09] [Render thread/INFO]: Synced Flute Songs
[10:08:09] [Render thread/INFO]: Synced Captured Mobs settings
[10:08:09] [Render thread/INFO]: Synced Globe data
[10:08:09] [REI-ReloadPlugins/INFO]: [REI] Reloading Plugin Manager [REIClientPlugin] stage [START], registered 31 plugins: KubeJSREIPlugin of KubeJSREIPlugin [kubejs], ReiRecipeAction of ReiRecipeAction [wthit], AdAstraReiPlugin of AdAstraReiPlugin [ad_astra], AdornReiClient of AdornReiClient [adorn], AE2 of AE2 [ae2], REITooltipPlugin of REITooltipPlugin [appleskin], REIPlugin of REIPlugin [artifacts], BWREIPlugin of BWREIPlugin [bewitchment], BotaniaREIPlugin of BotaniaREIPlugin [botania], CharmReiClientPlugin of CharmReiClientPlugin [charm], ChiselREI of ChiselREI [chisel], ReiCompat of ReiCompat [expandedstorage], FarmersDelightModREI of FarmersDelightModREI [farmersdelight], REIIntegration of REIIntegration [ftblibrary], FTBQuestsREIIntegration of FTBQuestsREIIntegration [ftbquests], REIPlugin of REIPlugin [indrev], MMREICompat of MMREICompat [miskatonicmysteries], ManualPluginRei of ManualPluginRei [modern_industrialization], ViewerPluginRei of ViewerPluginRei [modern_industrialization], OwoReiPlugin of OwoReiPlugin [owo], ClientPlugin of ClientPlugin [roughly_enough_trades], DefaultClientRuntimePlugin of DefaultClientRuntimePlugin [roughlyenoughitems], REPClientPlugin of REPClientPlugin [roughlyenoughprofessions], PluginEntry of PluginEntry [roughlyenoughresources], REIClientIntegration of REIClientIntegration [spectrum], REIPlugin of REIPlugin [spiceoffabric], SpiritPlugin of SpiritPlugin [spirit], REICompat of REICompat [the_bumblezone], TwilightForestREIClientPlugin of TwilightForestREIClientPlugin [twilightforest], WiredRedstoneClientPlugin of WiredRedstoneClientPlugin [wiredredstone], DefaultClientPlugin of DefaultClientPlugin [roughlyenoughitems]
[10:08:09] [Server thread/INFO]: Sending reload packet to clients
[10:08:09] [REI-ReloadPlugins/INFO]: [REI] Reloading Plugin Manager [REIServerPlugin] stage [START], registered 7 plugins: AdornReiServer of AdornReiServer [adorn], DefaultRuntimePlugin of DefaultRuntimePlugin [roughlyenoughitems], REICommonIntegration of REICommonIntegration [spectrum], TwilightForestREIServerPlugin of TwilightForestREIServerPlugin [twilightforest], WiredRedstoneCommonPlugin of WiredRedstoneCommonPlugin [wiredredstone], FabricFluidAPISupportPlugin, DefaultPlugin of DefaultPlugin [roughlyenoughitems]
[10:08:09] [REI-ReloadPlugins/INFO]: [REI] Reloaded Plugin Manager [REIPlugin] with 38 plugins in 9.477 ms.
[10:08:09] [REI-ReloadPlugins/INFO]: [REI] Reloaded Plugin Manager [REIClientPlugin] with 31 plugins in 415.9 ms.
[10:08:09] [REI-ReloadPlugins/INFO]: [REI] Reloaded Plugin Manager [REIServerPlugin] with 7 plugins in 896.9 ?s.
[10:08:09] [Render thread/INFO]: [Spectrum] Registering MultiBlocks on Client...
[10:08:09] [Render thread/WARN]: [REI] Suppressing Reload Plugins of stage START
[10:08:10] [REI-ReloadPlugins/INFO]: [REI] Reloading Plugin Manager [REIPlugin] stage [END], registered 38 plugins: KubeJSREIPlugin of KubeJSREIPlugin [kubejs], ReiRecipeAction of ReiRecipeAction [wthit], AdornReiServer of AdornReiServer [adorn], DefaultRuntimePlugin of DefaultRuntimePlugin [roughlyenoughitems], REICommonIntegration of REICommonIntegration [spectrum], TwilightForestREIServerPlugin of TwilightForestREIServerPlugin [twilightforest], WiredRedstoneCommonPlugin of WiredRedstoneCommonPlugin [wiredredstone], AdAstraReiPlugin of AdAstraReiPlugin [ad_astra], AdornReiClient of AdornReiClient [adorn], AE2 of AE2 [ae2], REITooltipPlugin of REITooltipPlugin [appleskin], REIPlugin of REIPlugin [artifacts], BWREIPlugin of BWREIPlugin [bewitchment], BotaniaREIPlugin of BotaniaREIPlugin [botania], CharmReiClientPlugin of CharmReiClientPlugin [charm], ChiselREI of ChiselREI [chisel], ReiCompat of ReiCompat [expandedstorage], FarmersDelightModREI of FarmersDelightModREI [farmersdelight], REIIntegration of REIIntegration [ftblibrary], FTBQuestsREIIntegration of FTBQuestsREIIntegration [ftbquests], REIPlugin of REIPlugin [indrev], MMREICompat of MMREICompat [miskatonicmysteries], ManualPluginRei of ManualPluginRei [modern_industrialization], ViewerPluginRei of ViewerPluginRei [modern_industrialization], OwoReiPlugin of OwoReiPlugin [owo], ClientPlugin of ClientPlugin [roughly_enough_trades], DefaultClientRuntimePlugin of DefaultClientRuntimePlugin [roughlyenoughitems], REPClientPlugin of REPClientPlugin [roughlyenoughprofessions], PluginEntry of PluginEntry [roughlyenoughresources], REIClientIntegration of REIClientIntegration [spectrum], REIPlugin of REIPlugin [spiceoffabric], SpiritPlugin of SpiritPlugin [spirit], REICompat of REICompat [the_bumblezone], TwilightForestREIClientPlugin of TwilightForestREIClientPlugin [twilightforest], WiredRedstoneClientPlugin of WiredRedstoneClientPlugin [wiredredstone], FabricFluidAPISupportPlugin, DefaultPlugin of DefaultPlugin [roughlyenoughitems], DefaultClientPlugin of DefaultClientPlugin [roughlyenoughitems]
[10:08:10] [Render thread/INFO]: Loaded 99 advancements
[10:08:10] [REI-ReloadPlugins/INFO]: [REI] Reloading Plugin Manager [REIClientPlugin] stage [END], registered 31 plugins: KubeJSREIPlugin of KubeJSREIPlugin [kubejs], ReiRecipeAction of ReiRecipeAction [wthit], AdAstraReiPlugin of AdAstraReiPlugin [ad_astra], AdornReiClient of AdornReiClient [adorn], AE2 of AE2 [ae2], REITooltipPlugin of REITooltipPlugin [appleskin], REIPlugin of REIPlugin [artifacts], BWREIPlugin of BWREIPlugin [bewitchment], BotaniaREIPlugin of BotaniaREIPlugin [botania], CharmReiClientPlugin of CharmReiClientPlugin [charm], ChiselREI of ChiselREI [chisel], ReiCompat of ReiCompat [expandedstorage], FarmersDelightModREI of FarmersDelightModREI [farmersdelight], REIIntegration of REIIntegration [ftblibrary], FTBQuestsREIIntegration of FTBQuestsREIIntegration [ftbquests], REIPlugin of REIPlugin [indrev], MMREICompat of MMREICompat [miskatonicmysteries], ManualPluginRei of ManualPluginRei [modern_industrialization], ViewerPluginRei of ViewerPluginRei [modern_industrialization], OwoReiPlugin of OwoReiPlugin [owo], ClientPlugin of ClientPlugin [roughly_enough_trades], DefaultClientRuntimePlugin of DefaultClientRuntimePlugin [roughlyenoughitems], REPClientPlugin of REPClientPlugin [roughlyenoughprofessions], PluginEntry of PluginEntry [roughlyenoughresources], REIClientIntegration of REIClientIntegration [spectrum], REIPlugin of REIPlugin [spiceoffabric], SpiritPlugin of SpiritPlugin [spirit], REICompat of REICompat [the_bumblezone], TwilightForestREIClientPlugin of TwilightForestREIClientPlugin [twilightforest], WiredRedstoneClientPlugin of WiredRedstoneClientPlugin [wiredredstone], DefaultClientPlugin of DefaultClientPlugin [roughlyenoughitems]
[10:08:10] [Render thread/WARN]: Invalid icon item stack: Malformed item ID 
[10:08:10] [Render thread/WARN]: Invalid icon item stack: Malformed item ID 
[10:08:10] [Render thread/WARN]: Invalid icon item stack: Unknown item ID: alloy_forgery:bricks_forge_controller
[10:08:10] [Render thread/WARN]: Invalid icon item stack: Unknown item ID: chalk:chalk
[10:08:10] [Render thread/WARN]: Invalid icon item stack: Unknown item ID: conjuring:conjurer
[10:08:10] [Render thread/WARN]: Invalid icon item stack: Unknown item ID: gobber2:gobber2_globette
[10:08:10] [Render thread/WARN]: Invalid icon item stack: Unknown item ID: ants:dirt_ant_nest
[10:08:10] [Render thread/WARN]: Invalid icon item stack: Unknown item ID: techreborn:grinder
[10:08:10] [Render thread/WARN]: Recipe spectrum:enchantment_upgrade/spectrum/clovers_favor_level_2 (of type spectrum:enchantment_upgrade) not found
[10:08:10] [Render thread/WARN]: Recipe spectrum:enchantment_upgrade/spectrum/inertia_level_2 (of type spectrum:enchantment_upgrade) not found
[10:08:10] [Render thread/WARN]: Recipe spectrum:enchantment_upgrade/spectrum/improved_critical_level_2 (of type spectrum:enchantment_upgrade) not found
[10:08:10] [Render thread/WARN]: Recipe spectrum:enchantment_upgrade/spectrum/big_catch_level_2 (of type spectrum:enchantment_upgrade) not found
[10:08:10] [Render thread/WARN]: Recipe spectrum:enchantment_upgrade/spectrum/disarming_level_2 (of type spectrum:enchantment_upgrade) not found
[10:08:10] [Render thread/WARN]: Recipe spectrum:enchantment_upgrade/spectrum/treasure_hunter_level_2 (of type spectrum:enchantment_upgrade) not found
[10:08:10] [Render thread/WARN]: Recipe spectrum:enchantment_upgrade/spectrum/first_strike_level_2 (of type spectrum:enchantment_upgrade) not found
[10:08:10] [Render thread/WARN]: Recipe spectrum:enchantment_upgrade/spectrum/tight_grip_level_2 (of type spectrum:enchantment_upgrade) not found
[10:08:10] [Render thread/WARN]: Recipe spectrum:enchantment_upgrade/spectrum/exuberance_level_2 (of type spectrum:enchantment_upgrade) not found
[10:08:10] [Render thread/INFO]: BookContentResourceListenerLoader: Files found in 412.4 ?s
[10:08:10] [Render thread/INFO]: BookContentResourceListenerLoader: Files found in 399.2 ?s
[10:08:10] [Render thread/INFO]: BookContentResourceListenerLoader: Files found in 312.6 ?s
[10:08:10] [Render thread/WARN]: Recipe ad_astra:recipes/desh_fluid_pipe (of type minecraft:crafting) not found
[10:08:10] [Render thread/WARN]: Recipe ad_astra:recipes/ostrum_fluid_pipe (of type minecraft:crafting) not found
[10:08:10] [Render thread/WARN]: Recipe ad_astra:recipes/nasa_workbench (of type minecraft:crafting) not found
[10:08:10] [Render thread/WARN]: Recipe ad_astra:recipes/hammer (of type minecraft:crafting) not found
[10:08:10] [Render thread/WARN]: Recipe ad_astra:hammering/iron_plate (of type minecraft:crafting) not found
[10:08:10] [Render thread/WARN]: Recipe ad_astra:recipes/coal_generator (of type minecraft:crafting) not found
[10:08:10] [Render thread/WARN]: Recipe ad_astra:recipes/compressor (of type minecraft:crafting) not found
[10:08:10] [Render thread/WARN]: Recipe ad_astra:recipes/steel_cable (of type minecraft:crafting) not found
[10:08:10] [Render thread/WARN]: Recipe ad_astra:recipes/desh_cable (of type minecraft:crafting) not found
[10:08:10] [REI-ReloadPlugins/ERROR]: [REI] Found displays registered for unknown registry
java.lang.IllegalStateException: indrev:distiller
	at me.shedaniel.rei.impl.client.registry.display.DisplayRegistryImpl.endReload(DisplayRegistryImpl.java:309) ~[RoughlyEnoughItems-9.1.577.jar:?]
	at me.shedaniel.rei.api.common.registry.Reloadable.endReload(Reloadable.java:47) ~[RoughlyEnoughItems-9.1.577.jar:?]
	at me.shedaniel.rei.impl.common.plugins.PluginManagerImpl.startReload(PluginManagerImpl.java:373) ~[RoughlyEnoughItems-9.1.577.jar:?]
	at me.shedaniel.rei.RoughlyEnoughItemsCore._reloadPlugins(RoughlyEnoughItemsCore.java:123) ~[RoughlyEnoughItems-9.1.577.jar:?]
	at me.shedaniel.rei.RoughlyEnoughItemsCoreClient.lambda$reloadPlugins$27(RoughlyEnoughItemsCoreClient.java:519) ~[RoughlyEnoughItems-9.1.577.jar:?]
	at java.util.concurrent.CompletableFuture$AsyncRun.run(CompletableFuture.java:1804) [?:?]
	at java.util.concurrent.Executors$RunnableAdapter.call(Executors.java:539) [?:?]
	at java.util.concurrent.FutureTask.run(FutureTask.java:264) [?:?]
	at java.util.concurrent.ScheduledThreadPoolExecutor$ScheduledFutureTask.run(ScheduledThreadPoolExecutor.java:304) [?:?]
	at java.util.concurrent.ThreadPoolExecutor.runWorker(ThreadPoolExecutor.java:1136) [?:?]
	at java.util.concurrent.ThreadPoolExecutor$Worker.run(ThreadPoolExecutor.java:635) [?:?]
	at java.lang.Thread.run(Thread.java:833) [?:?]
[10:08:10] [REI-ReloadPlugins/ERROR]: [REI] Found displays registered for unknown registry
java.lang.IllegalStateException: indrev:laser
	at me.shedaniel.rei.impl.client.registry.display.DisplayRegistryImpl.endReload(DisplayRegistryImpl.java:309) ~[RoughlyEnoughItems-9.1.577.jar:?]
	at me.shedaniel.rei.api.common.registry.Reloadable.endReload(Reloadable.java:47) ~[RoughlyEnoughItems-9.1.577.jar:?]
	at me.shedaniel.rei.impl.common.plugins.PluginManagerImpl.startReload(PluginManagerImpl.java:373) ~[RoughlyEnoughItems-9.1.577.jar:?]
	at me.shedaniel.rei.RoughlyEnoughItemsCore._reloadPlugins(RoughlyEnoughItemsCore.java:123) ~[RoughlyEnoughItems-9.1.577.jar:?]
	at me.shedaniel.rei.RoughlyEnoughItemsCoreClient.lambda$reloadPlugins$27(RoughlyEnoughItemsCoreClient.java:519) ~[RoughlyEnoughItems-9.1.577.jar:?]
	at java.util.concurrent.CompletableFuture$AsyncRun.run(CompletableFuture.java:1804) [?:?]
	at java.util.concurrent.Executors$RunnableAdapter.call(Executors.java:539) [?:?]
	at java.util.concurrent.FutureTask.run(FutureTask.java:264) [?:?]
	at java.util.concurrent.ScheduledThreadPoolExecutor$ScheduledFutureTask.run(ScheduledThreadPoolExecutor.java:304) [?:?]
	at java.util.concurrent.ThreadPoolExecutor.runWorker(ThreadPoolExecutor.java:1136) [?:?]
	at java.util.concurrent.ThreadPoolExecutor$Worker.run(ThreadPoolExecutor.java:635) [?:?]
	at java.lang.Thread.run(Thread.java:833) [?:?]
[10:08:10] [REI-ReloadPlugins/ERROR]: [REI] Found displays registered for unknown registry
java.lang.IllegalStateException: indrev:electrolysis
	at me.shedaniel.rei.impl.client.registry.display.DisplayRegistryImpl.endReload(DisplayRegistryImpl.java:309) ~[RoughlyEnoughItems-9.1.577.jar:?]
	at me.shedaniel.rei.api.common.registry.Reloadable.endReload(Reloadable.java:47) ~[RoughlyEnoughItems-9.1.577.jar:?]
	at me.shedaniel.rei.impl.common.plugins.PluginManagerImpl.startReload(PluginManagerImpl.java:373) ~[RoughlyEnoughItems-9.1.577.jar:?]
	at me.shedaniel.rei.RoughlyEnoughItemsCore._reloadPlugins(RoughlyEnoughItemsCore.java:123) ~[RoughlyEnoughItems-9.1.577.jar:?]
	at me.shedaniel.rei.RoughlyEnoughItemsCoreClient.lambda$reloadPlugins$27(RoughlyEnoughItemsCoreClient.java:519) ~[RoughlyEnoughItems-9.1.577.jar:?]
	at java.util.concurrent.CompletableFuture$AsyncRun.run(CompletableFuture.java:1804) [?:?]
	at java.util.concurrent.Executors$RunnableAdapter.call(Executors.java:539) [?:?]
	at java.util.concurrent.FutureTask.run(FutureTask.java:264) [?:?]
	at java.util.concurrent.ScheduledThreadPoolExecutor$ScheduledFutureTask.run(ScheduledThreadPoolExecutor.java:304) [?:?]
	at java.util.concurrent.ThreadPoolExecutor.runWorker(ThreadPoolExecutor.java:1136) [?:?]
	at java.util.concurrent.ThreadPoolExecutor$Worker.run(ThreadPoolExecutor.java:635) [?:?]
	at java.lang.Thread.run(Thread.java:833) [?:?]
[10:08:10] [REI-ReloadPlugins/INFO]: [REI] Reloading Plugin Manager [REIServerPlugin] stage [END], registered 7 plugins: AdornReiServer of AdornReiServer [adorn], DefaultRuntimePlugin of DefaultRuntimePlugin [roughlyenoughitems], REICommonIntegration of REICommonIntegration [spectrum], TwilightForestREIServerPlugin of TwilightForestREIServerPlugin [twilightforest], WiredRedstoneCommonPlugin of WiredRedstoneCommonPlugin [wiredredstone], FabricFluidAPISupportPlugin, DefaultPlugin of DefaultPlugin [roughlyenoughitems]
[10:08:10] [REI-ReloadPlugins/INFO]: client_scripts:script.js:111: [minecraft:plugins/crafting, minecraft:plugins/smelting, minecraft:plugins/smoking, minecraft:plugins/blasting, minecraft:plugins/campfire, minecraft:plugins/stone_cutting, minecraft:plugins/fuel, minecraft:plugins/brewing, minecraft:plugins/composting, minecraft:plugins/stripping, minecraft:plugins/smithing, minecraft:plugins/anvil, minecraft:plugins/beacon_base, minecraft:plugins/beacon_payment, minecraft:plugins/tilling, minecraft:plugins/pathing, minecraft:plugins/waxing, minecraft:plugins/wax_scraping, minecraft:plugins/oxidizing, minecraft:plugins/oxidation_scraping, wiredredstone:redstone_assembler, twilightforest:uncrafting, twilightforest:crumble_horn, twilightforest:transformation, spirit:soul_transmutation, spirit:soul_cage_tier, spirit:soul_engulfing, spectrum:pedestal_crafting, spectrum:anvil_crushing, spectrum:fusion_shrine, spectrum:natures_staff_conversions, spectrum:enchanter, spectrum:enchantment_upgrade, spectrum:potion_workshop_brewing, spectrum:potion_workshop_crafting, spectrum:potion_workshop_reacting, spectrum:spirit_instiller, spectrum:liquid_crystal_converting, spectrum:midnight_solution_converting, spectrum:heating, spectrum:freezing, spectrum:ink_converting, spectrum:crystallarieum, spectrum:cinderhearth, spectrum:titration_barrel, roughlyenoughresources:mercury_orbit_worldgen_category, roughlyenoughresources:the_end_worldgen_category, roughlyenoughresources:moon_worldgen_category, roughlyenoughresources:glacio_worldgen_category, roughlyenoughresources:venus_worldgen_category, roughlyenoughresources:mercury_worldgen_category, roughlyenoughresources:mars_worldgen_category, roughlyenoughresources:moon_orbit_worldgen_category, roughlyenoughresources:earth_orbit_worldgen_category, roughlyenoughresources:venus_orbit_worldgen_category, roughlyenoughresources:the_bumblezone_worldgen_category, roughlyenoughresources:overworld_worldgen_category, roughlyenoughresources:deeper_down_dimension_worldgen_category, roughlyenoughresources:mars_orbit_worldgen_category, roughlyenoughresources:the_nether_worldgen_category, roughlyenoughresources:spatial_storage_worldgen_category, roughlyenoughresources:twilight_forest_worldgen_category, roughlyenoughresources:glacio_orbit_worldgen_category, roughlyenoughresources:loot_category, roughlyenoughresources:entity_loot_category, roughlyenoughprofessions:plugins/profession, roughly_enough_trades:plugins/villager_trades, modern_industrialization:fluid_fuels, modern_industrialization:forge_hammer, modern_industrialization:multiblock_shapes, modern_industrialization:neutron_interaction, modern_industrialization:thermal_interaction, modern_industrialization:assembler, modern_industrialization:bronze_compressor, modern_industrialization:bronze_cutting_machine, modern_industrialization:bronze_furnace, modern_industrialization:bronze_macerator, modern_industrialization:bronze_mixer, modern_industrialization:centrifuge, modern_industrialization:chemical_reactor, modern_industrialization:coke_oven, modern_industrialization:distillation_tower, modern_industrialization:distillery, modern_industrialization:electric_blast_furnace_0, modern_industrialization:electric_blast_furnace_1, modern_industrialization:electric_compressor, modern_industrialization:electric_cutting_machine, modern_industrialization:electric_furnace, modern_industrialization:electric_macerator, modern_industrialization:electric_mixer, modern_industrialization:electric_packer, modern_industrialization:electric_quarry, modern_industrialization:electric_unpacker, modern_industrialization:electric_wiremill, modern_industrialization:electrolyzer, modern_industrialization:fusion_reactor, modern_industrialization:greenhouse, modern_industrialization:heat_exchanger, modern_industrialization:implosion_compressor, modern_industrialization:oil_drilling_rig, modern_industrialization:polarizer, modern_industrialization:pressurizer, modern_industrialization:pyrolyze_oven, modern_industrialization:steam_blast_furnace, modern_industrialization:steam_quarry, modern_industrialization:steel_compressor, modern_industrialization:steel_cutting_machine, modern_industrialization:steel_furnace, modern_industrialization:steel_macerator, modern_industrialization:steel_mixer, modern_industrialization:steel_packer, modern_industrialization:steel_unpacker, modern_industrialization:steel_wiremill, modern_industrialization:vacuum_freezer, miskatonicmysteries:chemistry, miskatonicmysteries:octagram_rite, indrev:pulverize, indrev:infuse, indrev:compress, indrev:recycle, indrev:fluid_infuse, indrev:condenser, indrev:smelter, indrev:sawmill, indrev:modules, farmersdelight:cooking, farmersdelight:cutting, farmersdelight:decomposition, chisel:chisel_recipes_category, charm:plugins/woodcutting, charm:plugins/firing, botania:petal_apothecary, botania:pure_daisy, botania:mana_infusion, botania:runic_altar, botania:elven_trade, botania:brew, botania:terra_plate, botania:orechid, botania:orechid_ignem, botania:marimorphosis, bewitchment:athame_stripping, bewitchment:athame_drops, bewitchment:rituals, bewitchment:oil_crafting, bewitchment:cauldron_brewing, bewitchment:incenses, bewitchment:curses, ae2:item_transformation, ae2:condenser, ae2:ae2.inscriber, ae2:attunement, ae2:charger, adorn:brewer, ad_astra:compressor, ad_astra:fuel_conversion, ad_astra:oxygen_conversion, ad_astra:cryo_freezer_conversion, ad_astra:nasa_workbench, ad_astra:space_station, roughlyenoughitems:plugins/information, minecraft:plugins/tag] [java.util.ArrayList]
[10:08:10] [REI-ReloadPlugins/INFO]: [REI] Reloaded Plugin Manager [REIPlugin] with 38 plugins in 7.284 ms.
[10:08:10] [REI-ReloadPlugins/INFO]: client_scripts:script.js:111: [minecraft:plugins/crafting, minecraft:plugins/smelting, minecraft:plugins/smoking, minecraft:plugins/blasting, minecraft:plugins/campfire, minecraft:plugins/stone_cutting, minecraft:plugins/fuel, minecraft:plugins/brewing, minecraft:plugins/composting, minecraft:plugins/stripping, minecraft:plugins/smithing, minecraft:plugins/anvil, minecraft:plugins/beacon_base, minecraft:plugins/beacon_payment, minecraft:plugins/tilling, minecraft:plugins/pathing, minecraft:plugins/waxing, minecraft:plugins/wax_scraping, minecraft:plugins/oxidizing, minecraft:plugins/oxidation_scraping, wiredredstone:redstone_assembler, twilightforest:uncrafting, twilightforest:crumble_horn, twilightforest:transformation, spirit:soul_transmutation, spirit:soul_cage_tier, spirit:soul_engulfing, spectrum:pedestal_crafting, spectrum:anvil_crushing, spectrum:fusion_shrine, spectrum:natures_staff_conversions, spectrum:enchanter, spectrum:enchantment_upgrade, spectrum:potion_workshop_brewing, spectrum:potion_workshop_crafting, spectrum:potion_workshop_reacting, spectrum:spirit_instiller, spectrum:liquid_crystal_converting, spectrum:midnight_solution_converting, spectrum:heating, spectrum:freezing, spectrum:ink_converting, spectrum:crystallarieum, spectrum:cinderhearth, spectrum:titration_barrel, roughlyenoughresources:mercury_orbit_worldgen_category, roughlyenoughresources:the_end_worldgen_category, roughlyenoughresources:moon_worldgen_category, roughlyenoughresources:glacio_worldgen_category, roughlyenoughresources:venus_worldgen_category, roughlyenoughresources:mercury_worldgen_category, roughlyenoughresources:mars_worldgen_category, roughlyenoughresources:moon_orbit_worldgen_category, roughlyenoughresources:earth_orbit_worldgen_category, roughlyenoughresources:venus_orbit_worldgen_category, roughlyenoughresources:the_bumblezone_worldgen_category, roughlyenoughresources:overworld_worldgen_category, roughlyenoughresources:deeper_down_dimension_worldgen_category, roughlyenoughresources:mars_orbit_worldgen_category, roughlyenoughresources:the_nether_worldgen_category, roughlyenoughresources:spatial_storage_worldgen_category, roughlyenoughresources:twilight_forest_worldgen_category, roughlyenoughresources:glacio_orbit_worldgen_category, roughlyenoughresources:loot_category, roughlyenoughresources:entity_loot_category, roughlyenoughprofessions:plugins/profession, roughly_enough_trades:plugins/villager_trades, modern_industrialization:fluid_fuels, modern_industrialization:forge_hammer, modern_industrialization:multiblock_shapes, modern_industrialization:neutron_interaction, modern_industrialization:thermal_interaction, modern_industrialization:assembler, modern_industrialization:bronze_compressor, modern_industrialization:bronze_cutting_machine, modern_industrialization:bronze_furnace, modern_industrialization:bronze_macerator, modern_industrialization:bronze_mixer, modern_industrialization:centrifuge, modern_industrialization:chemical_reactor, modern_industrialization:coke_oven, modern_industrialization:distillation_tower, modern_industrialization:distillery, modern_industrialization:electric_blast_furnace_0, modern_industrialization:electric_blast_furnace_1, modern_industrialization:electric_compressor, modern_industrialization:electric_cutting_machine, modern_industrialization:electric_furnace, modern_industrialization:electric_macerator, modern_industrialization:electric_mixer, modern_industrialization:electric_packer, modern_industrialization:electric_quarry, modern_industrialization:electric_unpacker, modern_industrialization:electric_wiremill, modern_industrialization:electrolyzer, modern_industrialization:fusion_reactor, modern_industrialization:greenhouse, modern_industrialization:heat_exchanger, modern_industrialization:implosion_compressor, modern_industrialization:oil_drilling_rig, modern_industrialization:polarizer, modern_industrialization:pressurizer, modern_industrialization:pyrolyze_oven, modern_industrialization:steam_blast_furnace, modern_industrialization:steam_quarry, modern_industrialization:steel_compressor, modern_industrialization:steel_cutting_machine, modern_industrialization:steel_furnace, modern_industrialization:steel_macerator, modern_industrialization:steel_mixer, modern_industrialization:steel_packer, modern_industrialization:steel_unpacker, modern_industrialization:steel_wiremill, modern_industrialization:vacuum_freezer, miskatonicmysteries:chemistry, miskatonicmysteries:octagram_rite, indrev:pulverize, indrev:infuse, indrev:compress, indrev:recycle, indrev:fluid_infuse, indrev:condenser, indrev:smelter, indrev:sawmill, indrev:modules, farmersdelight:cooking, farmersdelight:cutting, farmersdelight:decomposition, chisel:chisel_recipes_category, charm:plugins/woodcutting, charm:plugins/firing, botania:petal_apothecary, botania:pure_daisy, botania:mana_infusion, botania:runic_altar, botania:elven_trade, botania:brew, botania:terra_plate, botania:orechid, botania:orechid_ignem, botania:marimorphosis, bewitchment:athame_stripping, bewitchment:athame_drops, bewitchment:rituals, bewitchment:oil_crafting, bewitchment:cauldron_brewing, bewitchment:incenses, bewitchment:curses, ae2:item_transformation, ae2:condenser, ae2:ae2.inscriber, ae2:attunement, ae2:charger, adorn:brewer, ad_astra:compressor, ad_astra:fuel_conversion, ad_astra:oxygen_conversion, ad_astra:cryo_freezer_conversion, ad_astra:nasa_workbench, ad_astra:space_station, roughlyenoughitems:plugins/information, minecraft:plugins/tag] [java.util.ArrayList]
[10:08:10] [REI-ReloadPlugins/INFO]: [REI] Reloaded Plugin Manager [REIClientPlugin] with 31 plugins in 484.3 ms.
[10:08:10] [REI-ReloadPlugins/INFO]: [REI] Reloaded Plugin Manager [REIServerPlugin] with 7 plugins in 1.023 ms.
[10:57:19] [JM-task-4/INFO]: SurfaceRenderer.renderSurface hit max count, 1000000
[10:57:19] [JM-task-4/INFO]: TopoRenderer.renderSurface hit max count, 1000000
[10:57:19] [JM-task-4/INFO]: BiomeRenderer.renderSurface hit max count, 1000000
[11:48:28] [Server thread/INFO]: Saving and pausing game...
[11:48:28] [Server thread/INFO]: Saving chunks for level 'ServerLevel[New World]'/minecraft:overworld
[11:48:28] [Server thread/INFO]: Saving chunks for level 'ServerLevel[New World]'/minecraft:the_nether
[11:48:28] [Server thread/INFO]: Saving chunks for level 'ServerLevel[New World]'/ad_astra:moon_orbit
[11:48:28] [Server thread/INFO]: Saving chunks for level 'ServerLevel[New World]'/ad_astra:glacio
[11:48:28] [Server thread/INFO]: Saving chunks for level 'ServerLevel[New World]'/ad_astra:mercury
[11:48:28] [Server thread/INFO]: Saving chunks for level 'ServerLevel[New World]'/ad_astra:mars
[11:48:28] [Server thread/INFO]: Saving chunks for level 'ServerLevel[New World]'/ad_astra:earth_orbit
[11:48:28] [Server thread/INFO]: Saving chunks for level 'ServerLevel[New World]'/ad_astra:venus_orbit
[11:48:28] [Server thread/INFO]: Saving chunks for level 'ServerLevel[New World]'/minecraft:the_end
[11:48:28] [Server thread/INFO]: Saving chunks for level 'ServerLevel[New World]'/ad_astra:mercury_orbit
[11:48:28] [Server thread/INFO]: Saving chunks for level 'ServerLevel[New World]'/spectrum:deeper_down_dimension
[11:48:28] [Server thread/INFO]: Saving chunks for level 'ServerLevel[New World]'/twilightforest:twilight_forest
[11:48:28] [Server thread/INFO]: Saving chunks for level 'ServerLevel[New World]'/the_bumblezone:the_bumblezone
[11:48:28] [Server thread/INFO]: Saving chunks for level 'ServerLevel[New World]'/ad_astra:venus
[11:48:28] [Server thread/INFO]: Saving chunks for level 'ServerLevel[New World]'/ad_astra:glacio_orbit
[11:48:28] [Server thread/INFO]: Saving chunks for level 'ServerLevel[New World]'/ad_astra:mars_orbit
[11:48:28] [Server thread/INFO]: Saving chunks for level 'ServerLevel[New World]'/ad_astra:moon
[11:48:28] [Server thread/INFO]: Saving chunks for level 'ServerLevel[New World]'/ae2:spatial_storage
[11:48:29] [Netty Local Client IO #0/INFO]: Disconnected from server, resetting proxy config values
[11:48:29] [Render thread/INFO]: Mapping halted in C:\Users\grant\OneDrive\Desktop\Games\MultiMC\instances\Pogcraft 13- Attack of the Deep Dark (Fabricated) In Dev\.minecraft\journeymap\data\mp\offline\minecraft:overworld
[11:48:29] [Server thread/INFO]: wackfimlsYT lost connection: Disconnected
[11:48:29] [Server thread/INFO]: wackfimlsYT left the game
[11:48:29] [Server thread/INFO]: Stopping singleplayer server as player logged out
[11:48:29] [Server thread/INFO]: Stopping server
[11:48:29] [Server thread/INFO]: Saving players
[11:48:29] [Server thread/INFO]: Saving worlds
[11:48:30] [Server thread/INFO]: Saving chunks for level 'ServerLevel[New World]'/minecraft:overworld
[11:48:30] [Server thread/INFO]: Saving chunks for level 'ServerLevel[New World]'/minecraft:the_nether
[11:48:30] [Server thread/INFO]: Saving chunks for level 'ServerLevel[New World]'/ad_astra:moon_orbit
[11:48:30] [Server thread/INFO]: Saving chunks for level 'ServerLevel[New World]'/ad_astra:glacio
[11:48:30] [Server thread/INFO]: Saving chunks for level 'ServerLevel[New World]'/ad_astra:mercury
[11:48:30] [Server thread/INFO]: Saving chunks for level 'ServerLevel[New World]'/ad_astra:mars
[11:48:30] [Server thread/INFO]: Saving chunks for level 'ServerLevel[New World]'/ad_astra:earth_orbit
[11:48:30] [Server thread/INFO]: Saving chunks for level 'ServerLevel[New World]'/ad_astra:venus_orbit
[11:48:30] [Server thread/INFO]: Saving chunks for level 'ServerLevel[New World]'/minecraft:the_end
[11:48:30] [Server thread/INFO]: Saving chunks for level 'ServerLevel[New World]'/ad_astra:mercury_orbit
[11:48:30] [Server thread/INFO]: Saving chunks for level 'ServerLevel[New World]'/spectrum:deeper_down_dimension
[11:48:30] [Server thread/INFO]: Saving chunks for level 'ServerLevel[New World]'/twilightforest:twilight_forest
[11:48:30] [Server thread/INFO]: Saving chunks for level 'ServerLevel[New World]'/the_bumblezone:the_bumblezone
[11:48:30] [Server thread/INFO]: Saving chunks for level 'ServerLevel[New World]'/ad_astra:venus
[11:48:30] [Server thread/INFO]: Saving chunks for level 'ServerLevel[New World]'/ad_astra:glacio_orbit
[11:48:30] [Server thread/INFO]: Saving chunks for level 'ServerLevel[New World]'/ad_astra:mars_orbit
[11:48:30] [Server thread/INFO]: Saving chunks for level 'ServerLevel[New World]'/ad_astra:moon
[11:48:30] [Server thread/INFO]: Saving chunks for level 'ServerLevel[New World]'/ae2:spatial_storage
[11:48:30] [Server thread/INFO]: ThreadedAnvilChunkStorage (New World (2)): All chunks are saved
[11:48:30] [Server thread/INFO]: ThreadedAnvilChunkStorage (DIM-1): All chunks are saved
[11:48:30] [Server thread/INFO]: ThreadedAnvilChunkStorage (moon_orbit): All chunks are saved
[11:48:30] [Server thread/INFO]: ThreadedAnvilChunkStorage (glacio): All chunks are saved
[11:48:30] [Server thread/INFO]: ThreadedAnvilChunkStorage (mercury): All chunks are saved
[11:48:30] [Server thread/INFO]: ThreadedAnvilChunkStorage (mars): All chunks are saved
[11:48:30] [Server thread/INFO]: ThreadedAnvilChunkStorage (earth_orbit): All chunks are saved
[11:48:30] [Server thread/INFO]: ThreadedAnvilChunkStorage (venus_orbit): All chunks are saved
[11:48:30] [Server thread/INFO]: ThreadedAnvilChunkStorage (DIM1): All chunks are saved
[11:48:30] [Server thread/INFO]: ThreadedAnvilChunkStorage (mercury_orbit): All chunks are saved
[11:48:30] [Server thread/INFO]: ThreadedAnvilChunkStorage (deeper_down_dimension): All chunks are saved
[11:48:30] [Server thread/INFO]: ThreadedAnvilChunkStorage (twilight_forest): All chunks are saved
[11:48:30] [Server thread/INFO]: ThreadedAnvilChunkStorage (the_bumblezone): All chunks are saved
[11:48:30] [Server thread/INFO]: ThreadedAnvilChunkStorage (venus): All chunks are saved
[11:48:30] [Server thread/INFO]: ThreadedAnvilChunkStorage (glacio_orbit): All chunks are saved
[11:48:30] [Server thread/INFO]: ThreadedAnvilChunkStorage (mars_orbit): All chunks are saved
[11:48:30] [Server thread/INFO]: ThreadedAnvilChunkStorage (moon): All chunks are saved
[11:48:30] [Server thread/INFO]: ThreadedAnvilChunkStorage (spatial_storage): All chunks are saved
[11:48:30] [Server thread/INFO]: ThreadedAnvilChunkStorage: All dimensions are saved
[11:48:30] [Server thread/INFO]: Unloading server configs...
[11:48:30] [Render thread/INFO]: Unloading server config for enchantinginfuser
[11:48:30] [Render thread/INFO]: Stopping worker threads
[11:48:31] [Render thread/INFO]: emissive suffixes loaded: {_e}
[11:48:34] [Render thread/INFO]: Stopping!
[11:48:34] [Render thread/INFO]: emissive suffixes loaded: {_e}
[11:48:35] [Render thread/INFO]: Shutting down map thread
[11:48:35] [CraftPresence-ShutDown-Handler/INFO]: Shutting down CraftPresence...
