[10:08:10] [REI-ReloadPlugins/ERROR] [REI] Found displays registered for unknown registry
java.lang.IllegalStateException: indrev:distiller
	at me.shedaniel.rei.impl.client.registry.display.DisplayRegistryImpl.endReload(DisplayRegistryImpl.java:309)
	at me.shedaniel.rei.api.common.registry.Reloadable.endReload(Reloadable.java:47)
	at me.shedaniel.rei.impl.common.plugins.PluginManagerImpl.startReload(PluginManagerImpl.java:373)
	at me.shedaniel.rei.RoughlyEnoughItemsCore._reloadPlugins(RoughlyEnoughItemsCore.java:123)
	at me.shedaniel.rei.RoughlyEnoughItemsCoreClient.lambda$reloadPlugins$27(RoughlyEnoughItemsCoreClient.java:519)
	at java.base/java.util.concurrent.CompletableFuture$AsyncRun.run(CompletableFuture.java:1804)
	at java.base/java.util.concurrent.Executors$RunnableAdapter.call(Executors.java:539)
	at java.base/java.util.concurrent.FutureTask.run(FutureTask.java:264)
	at java.base/java.util.concurrent.ScheduledThreadPoolExecutor$ScheduledFutureTask.run(ScheduledThreadPoolExecutor.java:304)
	at java.base/java.util.concurrent.ThreadPoolExecutor.runWorker(ThreadPoolExecutor.java:1136)
	at java.base/java.util.concurrent.ThreadPoolExecutor$Worker.run(ThreadPoolExecutor.java:635)
	at java.base/java.lang.Thread.run(Thread.java:833)
[10:08:10] [REI-ReloadPlugins/ERROR] [REI] Found displays registered for unknown registry
java.lang.IllegalStateException: indrev:laser
	at me.shedaniel.rei.impl.client.registry.display.DisplayRegistryImpl.endReload(DisplayRegistryImpl.java:309)
	at me.shedaniel.rei.api.common.registry.Reloadable.endReload(Reloadable.java:47)
	at me.shedaniel.rei.impl.common.plugins.PluginManagerImpl.startReload(PluginManagerImpl.java:373)
	at me.shedaniel.rei.RoughlyEnoughItemsCore._reloadPlugins(RoughlyEnoughItemsCore.java:123)
	at me.shedaniel.rei.RoughlyEnoughItemsCoreClient.lambda$reloadPlugins$27(RoughlyEnoughItemsCoreClient.java:519)
	at java.base/java.util.concurrent.CompletableFuture$AsyncRun.run(CompletableFuture.java:1804)
	at java.base/java.util.concurrent.Executors$RunnableAdapter.call(Executors.java:539)
	at java.base/java.util.concurrent.FutureTask.run(FutureTask.java:264)
	at java.base/java.util.concurrent.ScheduledThreadPoolExecutor$ScheduledFutureTask.run(ScheduledThreadPoolExecutor.java:304)
	at java.base/java.util.concurrent.ThreadPoolExecutor.runWorker(ThreadPoolExecutor.java:1136)
	at java.base/java.util.concurrent.ThreadPoolExecutor$Worker.run(ThreadPoolExecutor.java:635)
	at java.base/java.lang.Thread.run(Thread.java:833)
[10:08:10] [REI-ReloadPlugins/ERROR] [REI] Found displays registered for unknown registry
java.lang.IllegalStateException: indrev:electrolysis
	at me.shedaniel.rei.impl.client.registry.display.DisplayRegistryImpl.endReload(DisplayRegistryImpl.java:309)
	at me.shedaniel.rei.api.common.registry.Reloadable.endReload(Reloadable.java:47)
	at me.shedaniel.rei.impl.common.plugins.PluginManagerImpl.startReload(PluginManagerImpl.java:373)
	at me.shedaniel.rei.RoughlyEnoughItemsCore._reloadPlugins(RoughlyEnoughItemsCore.java:123)
	at me.shedaniel.rei.RoughlyEnoughItemsCoreClient.lambda$reloadPlugins$27(RoughlyEnoughItemsCoreClient.java:519)
	at java.base/java.util.concurrent.CompletableFuture$AsyncRun.run(CompletableFuture.java:1804)
	at java.base/java.util.concurrent.Executors$RunnableAdapter.call(Executors.java:539)
	at java.base/java.util.concurrent.FutureTask.run(FutureTask.java:264)
	at java.base/java.util.concurrent.ScheduledThreadPoolExecutor$ScheduledFutureTask.run(ScheduledThreadPoolExecutor.java:304)
	at java.base/java.util.concurrent.ThreadPoolExecutor.runWorker(ThreadPoolExecutor.java:1136)
	at java.base/java.util.concurrent.ThreadPoolExecutor$Worker.run(ThreadPoolExecutor.java:635)
	at java.base/java.lang.Thread.run(Thread.java:833)
