[12:40:48] [Render thread/INFO] [REI] Config loaded
[12:40:48] [Render thread/DEBUG] [REI] Config saved
[12:40:48] [Render thread/INFO] [REI] Registered plugin provider AdornReiServer [adorn] for REIPlugin
[12:40:48] [Render thread/INFO] [REI] Registered plugin provider DefaultPlugin [roughlyenoughitems] for REIPlugin
[12:40:48] [Render thread/INFO] [REI] Registered plugin provider DefaultRuntimePlugin [roughlyenoughitems] for REIPlugin
[12:40:48] [Render thread/INFO] [REI] Registered plugin provider REICommonIntegration [spectrum] for REIPlugin
[12:40:48] [Render thread/INFO] [REI] Registered plugin provider WiredRedstoneCommonPlugin [wiredredstone] for REIPlugin
[12:40:48] [Render thread/INFO] [REI] Registered plugin provider AdornReiClient [adorn] for REIPlugin
[12:40:48] [Render thread/INFO] [REI] Registered plugin provider AE2 [ae2] for REIPlugin
[12:40:48] [Render thread/INFO] [REI] Registered plugin provider ReiPlugin [alchemistry] for REIPlugin
[12:40:48] [Render thread/INFO] [REI] Registered plugin provider REITooltipPlugin [appleskin] for REIPlugin
[12:40:48] [Render thread/INFO] [REI] Registered plugin provider REIPlugin [artifacts] for REIPlugin
[12:40:48] [Render thread/INFO] [REI] Registered plugin provider REIPlugin [betterend] for REIPlugin
[12:40:48] [Render thread/INFO] [REI] Registered plugin provider BWREIPlugin [bewitchment] for REIPlugin
[12:40:48] [Render thread/INFO] [REI] Registered plugin provider CharmReiClientPlugin [charm] for REIPlugin
[12:40:48] [Render thread/INFO] [REI] Registered plugin provider ChiselREI [chisel] for REIPlugin
[12:40:48] [Render thread/INFO] [REI] Registered plugin provider ReiCompat [ellemes_container_lib] for REIPlugin
[12:40:48] [Render thread/INFO] [REI] Registered plugin provider FarmersDelightModREI [farmersdelight] for REIPlugin
[12:40:48] [Render thread/INFO] [REI] Registered plugin provider REIIntegration [ftblibrary] for REIPlugin
[12:40:48] [Render thread/INFO] [REI] Registered plugin provider MIREIPlugin [modern_industrialization] for REIPlugin
[12:40:48] [Render thread/INFO] [REI] Registered plugin provider FluidFuelsPlugin [modern_industrialization] for REIPlugin
[12:40:48] [Render thread/INFO] [REI] Registered plugin provider ForgeHammerRecipePlugin [modern_industrialization] for REIPlugin
[12:40:48] [Render thread/INFO] [REI] Registered plugin provider MachinesPlugin [modern_industrialization] for REIPlugin
[12:40:48] [Render thread/INFO] [REI] Registered plugin provider NeutronInteractionPlugin [modern_industrialization] for REIPlugin
[12:40:48] [Render thread/INFO] [REI] Registered plugin provider OwoReiPlugin [owo] for REIPlugin
[12:40:48] [Render thread/INFO] [REI] Registered plugin provider DefaultClientPlugin [roughlyenoughitems] for REIPlugin
[12:40:48] [Render thread/INFO] [REI] Registered plugin provider DefaultClientRuntimePlugin [roughlyenoughitems] for REIPlugin
[12:40:48] [Render thread/INFO] [REI] Registered plugin provider PluginEntry [roughlyenoughresources] for REIPlugin
[12:40:48] [Render thread/INFO] [REI] Registered plugin provider REIClientIntegration [spectrum] for REIPlugin
[12:40:48] [Render thread/INFO] [REI] Registered plugin provider SpiritPlugin [spirit] for REIPlugin
[12:40:48] [Render thread/INFO] [REI] Registered plugin provider REICompat [the_bumblezone] for REIPlugin
[12:40:48] [Render thread/INFO] [REI] Registered plugin provider WiredRedstoneClientPlugin [wiredredstone] for REIPlugin
[12:40:48] [Render thread/INFO] [REI] Registered plugin provider ReiRecipeAction [wthit] for REIPlugin
[12:40:48] [Render thread/INFO] [REI] Registered plugin provider AdornReiServer [adorn] for REIServerPlugin
[12:40:48] [Render thread/INFO] [REI] Registered plugin provider DefaultPlugin [roughlyenoughitems] for REIServerPlugin
[12:40:48] [Render thread/INFO] [REI] Registered plugin provider DefaultRuntimePlugin [roughlyenoughitems] for REIServerPlugin
[12:40:48] [Render thread/INFO] [REI] Registered plugin provider REICommonIntegration [spectrum] for REIServerPlugin
[12:40:48] [Render thread/INFO] [REI] Registered plugin provider WiredRedstoneCommonPlugin [wiredredstone] for REIServerPlugin
[12:40:48] [Render thread/INFO] [REI] Registered plugin provider FabricFluidAPISupportPlugin for REIServerPlugin
[12:40:48] [Render thread/INFO] [REI] Registered plugin provider FabricFluidAPISupportPlugin for REIPlugin
[12:40:52] [Render thread/INFO] [REI] Registered plugin provider AdornReiClient [adorn] for REIClientPlugin
[12:40:52] [Render thread/INFO] [REI] Registered plugin provider AE2 [ae2] for REIClientPlugin
[12:40:52] [Render thread/INFO] [REI] Registered plugin provider ReiPlugin [alchemistry] for REIClientPlugin
[12:40:52] [Render thread/INFO] [REI] Registered plugin provider REITooltipPlugin [appleskin] for REIClientPlugin
[12:40:52] [Render thread/INFO] [REI] Registered plugin provider REIPlugin [artifacts] for REIClientPlugin
[12:40:52] [Render thread/INFO] [REI] Registered plugin provider REIPlugin [betterend] for REIClientPlugin
[12:40:52] [Render thread/INFO] [REI] Registered plugin provider BWREIPlugin [bewitchment] for REIClientPlugin
[12:40:52] [Render thread/INFO] [REI] Registered plugin provider CharmReiClientPlugin [charm] for REIClientPlugin
[12:40:52] [Render thread/INFO] [REI] Registered plugin provider ChiselREI [chisel] for REIClientPlugin
[12:40:52] [Render thread/INFO] [REI] Registered plugin provider ReiCompat [ellemes_container_lib] for REIClientPlugin
[12:40:52] [Render thread/INFO] [REI] Registered plugin provider FarmersDelightModREI [farmersdelight] for REIClientPlugin
[12:40:52] [Render thread/INFO] [REI] Registered plugin provider REIIntegration [ftblibrary] for REIClientPlugin
[12:40:52] [Render thread/INFO] [REI] Registered plugin provider MIREIPlugin [modern_industrialization] for REIClientPlugin
[12:40:52] [Render thread/INFO] [REI] Registered plugin provider FluidFuelsPlugin [modern_industrialization] for REIClientPlugin
[12:40:52] [Render thread/INFO] [REI] Registered plugin provider ForgeHammerRecipePlugin [modern_industrialization] for REIClientPlugin
[12:40:52] [Render thread/INFO] [REI] Registered plugin provider MachinesPlugin [modern_industrialization] for REIClientPlugin
[12:40:52] [Render thread/INFO] [REI] Registered plugin provider NeutronInteractionPlugin [modern_industrialization] for REIClientPlugin
[12:40:52] [Render thread/INFO] [REI] Registered plugin provider OwoReiPlugin [owo] for REIClientPlugin
[12:40:52] [Render thread/INFO] [REI] Registered plugin provider DefaultClientPlugin [roughlyenoughitems] for REIClientPlugin
[12:40:52] [Render thread/INFO] [REI] Registered plugin provider DefaultClientRuntimePlugin [roughlyenoughitems] for REIClientPlugin
[12:40:52] [Render thread/INFO] [REI] Registered plugin provider PluginEntry [roughlyenoughresources] for REIClientPlugin
[12:40:52] [Render thread/INFO] [REI] Registered plugin provider REIClientIntegration [spectrum] for REIClientPlugin
[12:40:52] [Render thread/INFO] [REI] Registered plugin provider SpiritPlugin [spirit] for REIClientPlugin
[12:40:52] [Render thread/INFO] [REI] Registered plugin provider REICompat [the_bumblezone] for REIClientPlugin
[12:40:52] [Render thread/INFO] [REI] Registered plugin provider WiredRedstoneClientPlugin [wiredredstone] for REIClientPlugin
[12:40:52] [Render thread/INFO] [REI] Registered plugin provider ReiRecipeAction [wthit] for REIClientPlugin
